<?xml version="1.0" encoding="UTF-8"?>
<!-- Generated by org.testng.reporters.JUnitReportReporter -->
<testsuite skipped="0" hostname="DESKTOP-T7T7T0S" name="Runner.StopRunner" tests="1" failures="0" timestamp="2022-03-18T23:33:58 AEDT" time="2.711" errors="0">
  <testcase name="scenario" time="2.711" classname="Runner.StopRunner"/>
</testsuite> <!-- Runner.StopRunner -->
